<?xml version="1.0" ?>
<!DOCTYPE coverage SYSTEM "http://cobertura.sourceforge.net/xml/coverage-04.dtd">
<coverage lines-valid="375" lines-covered="371" line-rate="0.9893000000000001" branches-valid="71" branches-covered="69" branch-rate="0.9718000000000001" timestamp="1599573740761" complexity="0" version="0.1">
  <sources>
    <source>/home/runner/work/rx-angular/rx-angular</source>
  </sources>
  <packages>
    <package name="lib" line-rate="1" branch-rate="1">
      <classes>
        <class name="template.module.ts" filename="libs/template/src/lib/template.module.ts" line-rate="1" branch-rate="1">
          <methods>
          </methods>
          <lines>
            <line number="1" hits="17" branch="false"/>
            <line number="3" hits="17" branch="false"/>
            <line number="4" hits="17" branch="false"/>
            <line number="5" hits="17" branch="false"/>
            <line number="6" hits="17" branch="false"/>
            <line number="11" hits="17" branch="false"/>
          </lines>
        </class>
      </classes>
    </package>
    <package name="lib.core.render-aware" line-rate="1" branch-rate="0.9">
      <classes>
        <class name="render-aware_creator.ts" filename="libs/template/src/lib/core/render-aware/render-aware_creator.ts" line-rate="1" branch-rate="0.9">
          <methods>
            <method name="createRenderAware" hits="71" signature="()V">
              <lines>
                <line number="37" hits="71"/>
              </lines>
            </method>
            <method name="(anonymous_1)" hits="65" signature="()V">
              <lines>
                <line number="45" hits="65"/>
              </lines>
            </method>
            <method name="(anonymous_2)" hits="65" signature="()V">
              <lines>
                <line number="50" hits="65"/>
              </lines>
            </method>
            <method name="(anonymous_3)" hits="64" signature="()V">
              <lines>
                <line number="58" hits="64"/>
              </lines>
            </method>
            <method name="(anonymous_4)" hits="64" signature="()V">
              <lines>
                <line number="71" hits="64"/>
              </lines>
            </method>
            <method name="(anonymous_5)" hits="64" signature="()V">
              <lines>
                <line number="85" hits="64"/>
              </lines>
            </method>
            <method name="(anonymous_6)" hits="60" signature="()V">
              <lines>
                <line number="87" hits="60"/>
              </lines>
            </method>
            <method name="(anonymous_7)" hits="73" signature="()V">
              <lines>
                <line number="101" hits="73"/>
              </lines>
            </method>
            <method name="(anonymous_8)" hits="85" signature="()V">
              <lines>
                <line number="104" hits="85"/>
              </lines>
            </method>
            <method name="(anonymous_9)" hits="63" signature="()V">
              <lines>
                <line number="108" hits="63"/>
              </lines>
            </method>
            <method name="renderWithLatestStrategy" hits="60" signature="()V">
              <lines>
                <line number="114" hits="60"/>
              </lines>
            </method>
            <method name="(anonymous_11)" hits="60" signature="()V">
              <lines>
                <line number="117" hits="60"/>
              </lines>
            </method>
            <method name="(anonymous_12)" hits="100" signature="()V">
              <lines>
                <line number="122" hits="100"/>
              </lines>
            </method>
            <method name="handleErrorAndComplete" hits="60" signature="()V">
              <lines>
                <line number="128" hits="60"/>
              </lines>
            </method>
            <method name="(anonymous_14)" hits="60" signature="()V">
              <lines>
                <line number="129" hits="60"/>
              </lines>
            </method>
            <method name="(anonymous_15)" hits="60" signature="()V">
              <lines>
                <line number="130" hits="60"/>
              </lines>
            </method>
            <method name="(anonymous_16)" hits="53" signature="()V">
              <lines>
                <line number="132" hits="53"/>
              </lines>
            </method>
            <method name="(anonymous_17)" hits="5" signature="()V">
              <lines>
                <line number="134" hits="5"/>
              </lines>
            </method>
            <method name="(anonymous_18)" hits="42" signature="()V">
              <lines>
                <line number="138" hits="42"/>
              </lines>
            </method>
            <method name="(anonymous_19)" hits="31" signature="()V">
              <lines>
                <line number="140" hits="31"/>
              </lines>
            </method>
          </methods>
          <lines>
            <line number="1" hits="23" branch="false"/>
            <line number="10" hits="23" branch="false"/>
            <line number="37" hits="23" branch="false"/>
            <line number="41" hits="71" branch="false"/>
            <line number="43" hits="71" branch="false"/>
            <line number="46" hits="65" branch="false"/>
            <line number="51" hits="65" branch="false"/>
            <line number="52" hits="65" branch="true" condition-coverage="100% (2/2)"/>
            <line number="53" hits="64" branch="false"/>
            <line number="55" hits="1" branch="false"/>
            <line number="58" hits="64" branch="false"/>
            <line number="63" hits="71" branch="false"/>
            <line number="64" hits="71" branch="false"/>
            <line number="67" hits="71" branch="false"/>
            <line number="69" hits="71" branch="false"/>
            <line number="72" hits="64" branch="true" condition-coverage="100% (2/2)"/>
            <line number="73" hits="4" branch="false"/>
            <line number="75" hits="60" branch="true" condition-coverage="100% (2/2)"/>
            <line number="76" hits="6" branch="false"/>
            <line number="77" hits="6" branch="true" condition-coverage="100% (2/2)"/>
            <line number="78" hits="1" branch="false"/>
            <line number="81" hits="59" branch="false"/>
            <line number="82" hits="59" branch="false"/>
            <line number="85" hits="64" branch="false"/>
            <line number="88" hits="60" branch="false"/>
            <line number="100" hits="71" branch="false"/>
            <line number="102" hits="73" branch="false"/>
            <line number="105" hits="85" branch="false"/>
            <line number="109" hits="63" branch="false"/>
            <line number="117" hits="60" branch="false"/>
            <line number="118" hits="60" branch="false"/>
            <line number="123" hits="100" branch="false"/>
            <line number="129" hits="60" branch="false"/>
            <line number="130" hits="60" branch="false"/>
            <line number="131" hits="60" branch="false"/>
            <line number="132" hits="53" branch="false"/>
            <line number="135" hits="5" branch="false"/>
            <line number="136" hits="5" branch="false"/>
            <line number="138" hits="42" branch="false"/>
            <line number="140" hits="60" branch="false"/>
          </lines>
        </class>
      </classes>
    </package>
    <package name="lib.core.utils" line-rate="1" branch-rate="1">
      <classes>
        <class name="coalescing-manager.ts" filename="libs/template/src/lib/core/utils/coalescing-manager.ts" line-rate="1" branch-rate="1">
          <methods>
            <method name="(anonymous_0)" hits="674" signature="()V">
              <lines>
                <line number="18" hits="674"/>
              </lines>
            </method>
            <method name="createCoalesceManager" hits="28" signature="()V">
              <lines>
                <line number="31" hits="28"/>
              </lines>
            </method>
            <method name="removeWork" hits="122" signature="()V">
              <lines>
                <line number="39" hits="122"/>
              </lines>
            </method>
            <method name="addWork" hits="126" signature="()V">
              <lines>
                <line number="49" hits="126"/>
              </lines>
            </method>
            <method name="isCoalescing" hits="178" signature="()V">
              <lines>
                <line number="59" hits="178"/>
              </lines>
            </method>
          </methods>
          <lines>
            <line number="1" hits="28" branch="false"/>
            <line number="13" hits="28" branch="false"/>
            <line number="15" hits="28" branch="false"/>
            <line number="18" hits="674" branch="false"/>
            <line number="32" hits="28" branch="false"/>
            <line number="41" hits="122" branch="false"/>
            <line number="43" hits="122" branch="false"/>
            <line number="51" hits="126" branch="false"/>
            <line number="53" hits="126" branch="false"/>
            <line number="60" hits="178" branch="false"/>
          </lines>
        </class>
        <class name="properties-weakmap.ts" filename="libs/template/src/lib/core/utils/properties-weakmap.ts" line-rate="1" branch-rate="1">
          <methods>
            <method name="createPropertiesWeakMap" hits="29" signature="()V">
              <lines>
                <line number="32" hits="29"/>
              </lines>
            </method>
            <method name="getProperties" hits="679" signature="()V">
              <lines>
                <line number="43" hits="679"/>
              </lines>
            </method>
            <method name="(anonymous_2)" hits="80" signature="()V">
              <lines>
                <line number="54" hits="80"/>
              </lines>
            </method>
            <method name="setProperties" hits="249" signature="()V">
              <lines>
                <line number="64" hits="249"/>
              </lines>
            </method>
            <method name="(anonymous_4)" hits="249" signature="()V">
              <lines>
                <line number="66" hits="249"/>
              </lines>
            </method>
            <method name="hasKey" hits="80" signature="()V">
              <lines>
                <line number="73" hits="80"/>
              </lines>
            </method>
          </methods>
          <lines>
            <line number="32" hits="28" branch="false"/>
            <line number="36" hits="29" branch="false"/>
            <line number="38" hits="29" branch="false"/>
            <line number="44" hits="679" branch="false"/>
            <line number="45" hits="679" branch="false"/>
            <line number="48" hits="679" branch="true" condition-coverage="100% (2/2)"/>
            <line number="49" hits="599" branch="false"/>
            <line number="51" hits="80" branch="false"/>
            <line number="53" hits="80" branch="false"/>
            <line number="55" hits="80" branch="true" condition-coverage="100% (2/2)"/>
            <line number="59" hits="80" branch="false"/>
            <line number="61" hits="679" branch="false"/>
            <line number="65" hits="249" branch="false"/>
            <line number="66" hits="249" branch="false"/>
            <line number="67" hits="249" branch="false"/>
            <line number="69" hits="249" branch="false"/>
            <line number="70" hits="249" branch="false"/>
            <line number="74" hits="80" branch="false"/>
          </lines>
        </class>
        <class name="template-manager_creator.ts" filename="libs/template/src/lib/core/utils/template-manager_creator.ts" line-rate="1" branch-rate="1">
          <methods>
            <method name="createTemplateManager" hits="48" signature="()V">
              <lines>
                <line number="57" hits="48"/>
              </lines>
            </method>
            <method name="(anonymous_1)" hits="58" signature="()V">
              <lines>
                <line number="67" hits="58"/>
              </lines>
            </method>
            <method name="(anonymous_2)" hits="55" signature="()V">
              <lines>
                <line number="71" hits="55"/>
              </lines>
            </method>
            <method name="(anonymous_3)" hits="91" signature="()V">
              <lines>
                <line number="72" hits="91"/>
              </lines>
            </method>
            <method name="(anonymous_4)" hits="68" signature="()V">
              <lines>
                <line number="77" hits="68"/>
              </lines>
            </method>
            <method name="(anonymous_5)" hits="73" signature="()V">
              <lines>
                <line number="89" hits="73"/>
              </lines>
            </method>
            <method name="(anonymous_6)" hits="26" signature="()V">
              <lines>
                <line number="115" hits="26"/>
              </lines>
            </method>
            <method name="(anonymous_7)" hits="27" signature="()V">
              <lines>
                <line number="116" hits="27"/>
              </lines>
            </method>
            <method name="assertTemplate" hits="68" signature="()V">
              <lines>
                <line number="122" hits="68"/>
              </lines>
            </method>
          </methods>
          <lines>
            <line number="57" hits="18" branch="false"/>
            <line number="61" hits="48" branch="false"/>
            <line number="62" hits="48" branch="false"/>
            <line number="63" hits="48" branch="false"/>
            <line number="66" hits="48" branch="false"/>
            <line number="68" hits="58" branch="false"/>
            <line number="72" hits="55" branch="false"/>
            <line number="73" hits="91" branch="false"/>
            <line number="78" hits="68" branch="false"/>
            <line number="79" hits="67" branch="true" condition-coverage="100% (2/2)"/>
            <line number="80" hits="66" branch="false"/>
            <line number="83" hits="1" branch="false"/>
            <line number="90" hits="73" branch="true" condition-coverage="100% (2/2)"/>
            <line number="91" hits="46" branch="true" condition-coverage="100% (2/2)"/>
            <line number="93" hits="45" branch="false"/>
            <line number="95" hits="45" branch="true" condition-coverage="100% (2/2)"/>
            <line number="96" hits="1" branch="false"/>
            <line number="99" hits="44" branch="false"/>
            <line number="103" hits="44" branch="false"/>
            <line number="108" hits="1" branch="false"/>
            <line number="111" hits="45" branch="false"/>
            <line number="116" hits="27" branch="false"/>
            <line number="117" hits="26" branch="false"/>
            <line number="126" hits="68" branch="false"/>
            <line number="129" hits="68" branch="true" condition-coverage="100% (2/2)"/>
            <line number="130" hits="1" branch="false"/>
            <line number="134" hits="67" branch="false"/>
          </lines>
        </class>
        <class name="unpatched-resolved-promise.ts" filename="libs/template/src/lib/core/utils/unpatched-resolved-promise.ts" line-rate="1" branch-rate="1">
          <methods>
            <method name="getUnpatchedResolvedPromise" hits="133" signature="()V">
              <lines>
                <line number="7" hits="133"/>
              </lines>
            </method>
          </methods>
          <lines>
            <line number="3" hits="27" branch="false"/>
            <line number="5" hits="27" branch="false"/>
            <line number="7" hits="27" branch="false"/>
            <line number="8" hits="133" branch="true" condition-coverage="100% (2/2)"/>
            <line number="9" hits="133" branch="false"/>
          </lines>
        </class>
        <class name="zone-checks.ts" filename="libs/template/src/lib/core/utils/zone-checks.ts" line-rate="1" branch-rate="1">
          <methods>
            <method name="getZoneUnPatchedApi" hits="187" signature="()V">
              <lines>
                <line number="16" hits="187"/>
              </lines>
            </method>
            <method name="isEnvZonePatched" hits="2" signature="()V">
              <lines>
                <line number="35" hits="2"/>
              </lines>
            </method>
            <method name="isApiZonePatched" hits="187" signature="()V">
              <lines>
                <line number="51" hits="187"/>
              </lines>
            </method>
            <method name="isNgZone" hits="6" signature="()V">
              <lines>
                <line number="77" hits="6"/>
              </lines>
            </method>
            <method name="fn" hits="3" signature="()V">
              <lines>
                <line number="86" hits="3"/>
              </lines>
            </method>
            <method name="(anonymous_5)" hits="2" signature="()V">
              <lines>
                <line number="87" hits="2"/>
              </lines>
            </method>
            <method name="isNoopNgZone" hits="4" signature="()V">
              <lines>
                <line number="109" hits="4"/>
              </lines>
            </method>
          </methods>
          <lines>
            <line number="1" hits="27" branch="false"/>
            <line number="16" hits="27" branch="false"/>
            <line number="17" hits="187" branch="true" condition-coverage="100% (2/2)"/>
            <line number="18" hits="187" branch="true" condition-coverage="100% (2/2)"/>
            <line number="35" hits="27" branch="false"/>
            <line number="36" hits="2" branch="false"/>
            <line number="51" hits="27" branch="false"/>
            <line number="53" hits="187" branch="false"/>
            <line number="56" hits="27" branch="false"/>
            <line number="77" hits="27" branch="false"/>
            <line number="78" hits="6" branch="false"/>
            <line number="80" hits="6" branch="true" condition-coverage="100% (2/2)"/>
            <line number="81" hits="1" branch="false"/>
            <line number="84" hits="5" branch="false"/>
            <line number="87" hits="5" branch="false"/>
            <line number="89" hits="5" branch="false"/>
            <line number="90" hits="5" branch="false"/>
            <line number="92" hits="5" branch="false"/>
            <line number="109" hits="27" branch="false"/>
            <line number="110" hits="4" branch="false"/>
          </lines>
        </class>
      </classes>
    </package>
    <package name="lib.let" line-rate="1" branch-rate="1">
      <classes>
        <class name="let.directive.ts" filename="libs/template/src/lib/let/let.directive.ts" line-rate="1" branch-rate="1">
          <methods>
            <method name="(anonymous_0)" hits="35" signature="()V">
              <lines>
                <line number="366" hits="35"/>
              </lines>
            </method>
            <method name="(anonymous_1)" hits="2" signature="()V">
              <lines>
                <line number="316" hits="2"/>
              </lines>
            </method>
            <method name="(anonymous_2)" hits="28" signature="()V">
              <lines>
                <line number="326" hits="28"/>
              </lines>
            </method>
            <method name="(anonymous_3)" hits="4" signature="()V">
              <lines>
                <line number="333" hits="4"/>
              </lines>
            </method>
            <method name="(anonymous_4)" hits="19" signature="()V">
              <lines>
                <line number="342" hits="19"/>
              </lines>
            </method>
            <method name="(anonymous_5)" hits="29" signature="()V">
              <lines>
                <line number="398" hits="29"/>
              </lines>
            </method>
            <method name="(anonymous_6)" hits="29" signature="()V">
              <lines>
                <line number="200" hits="29"/>
              </lines>
            </method>
            <method name="(anonymous_7)" hits="2" signature="()V">
              <lines>
                <line number="242" hits="2"/>
              </lines>
            </method>
            <method name="(anonymous_8)" hits="9" signature="()V">
              <lines>
                <line number="261" hits="9"/>
              </lines>
            </method>
            <method name="(anonymous_9)" hits="9" signature="()V">
              <lines>
                <line number="282" hits="9"/>
              </lines>
            </method>
            <method name="(anonymous_10)" hits="10" signature="()V">
              <lines>
                <line number="303" hits="10"/>
              </lines>
            </method>
            <method name="(anonymous_11)" hits="1" signature="()V">
              <lines>
                <line number="356" hits="1"/>
              </lines>
            </method>
            <method name="(anonymous_12)" hits="27" signature="()V">
              <lines>
                <line number="384" hits="27"/>
              </lines>
            </method>
            <method name="(anonymous_13)" hits="25" signature="()V">
              <lines>
                <line number="393" hits="25"/>
              </lines>
            </method>
          </methods>
          <lines>
            <line number="1" hits="17" branch="false"/>
            <line number="11" hits="17" branch="false"/>
            <line number="17" hits="17" branch="false"/>
            <line number="18" hits="17" branch="false"/>
            <line number="22" hits="17" branch="false"/>
            <line number="153" hits="17" branch="false"/>
            <line number="163" hits="35" branch="false"/>
            <line number="200" hits="17" branch="false"/>
            <line number="201" hits="29" branch="false"/>
            <line number="242" hits="17" branch="false"/>
            <line number="243" hits="2" branch="true" condition-coverage="100% (2/2)"/>
            <line number="261" hits="17" branch="false"/>
            <line number="264" hits="9" branch="false"/>
            <line number="282" hits="17" branch="false"/>
            <line number="285" hits="9" branch="false"/>
            <line number="303" hits="17" branch="false"/>
            <line number="306" hits="10" branch="false"/>
            <line number="309" hits="35" branch="false"/>
            <line number="315" hits="35" branch="false"/>
            <line number="317" hits="2" branch="false"/>
            <line number="318" hits="2" branch="false"/>
            <line number="327" hits="28" branch="false"/>
            <line number="328" hits="28" branch="false"/>
            <line number="335" hits="4" branch="false"/>
            <line number="338" hits="4" branch="false"/>
            <line number="344" hits="19" branch="false"/>
            <line number="347" hits="19" branch="false"/>
            <line number="360" hits="1" branch="false"/>
            <line number="368" hits="35" branch="false"/>
            <line number="369" hits="35" branch="false"/>
            <line number="371" hits="35" branch="false"/>
            <line number="372" hits="35" branch="false"/>
            <line number="374" hits="35" branch="false"/>
            <line number="378" hits="35" branch="false"/>
            <line number="385" hits="27" branch="false"/>
            <line number="386" hits="27" branch="false"/>
            <line number="387" hits="27" branch="false"/>
            <line number="394" hits="25" branch="false"/>
            <line number="395" hits="25" branch="false"/>
            <line number="398" hits="35" branch="false"/>
            <line number="400" hits="29" branch="true" condition-coverage="100% (2/2)"/>
            <line number="401" hits="10" branch="false"/>
          </lines>
        </class>
        <class name="let.module.ts" filename="libs/template/src/lib/let/let.module.ts" line-rate="1" branch-rate="1">
          <methods>
          </methods>
          <lines>
            <line number="1" hits="17" branch="false"/>
            <line number="2" hits="17" branch="false"/>
            <line number="4" hits="17" branch="false"/>
            <line number="10" hits="17" branch="false"/>
          </lines>
        </class>
      </classes>
    </package>
    <package name="lib.push" line-rate="1" branch-rate="1">
      <classes>
        <class name="push.module.ts" filename="libs/template/src/lib/push/push.module.ts" line-rate="1" branch-rate="1">
          <methods>
          </methods>
          <lines>
            <line number="1" hits="18" branch="false"/>
            <line number="2" hits="18" branch="false"/>
            <line number="3" hits="18" branch="false"/>
            <line number="25" hits="18" branch="false"/>
          </lines>
        </class>
        <class name="push.pipe.ts" filename="libs/template/src/lib/push/push.pipe.ts" line-rate="1" branch-rate="1">
          <methods>
            <method name="(anonymous_0)" hits="18" signature="()V">
              <lines>
                <line number="72" hits="18"/>
              </lines>
            </method>
            <method name="(anonymous_1)" hits="2" signature="()V">
              <lines>
                <line number="68" hits="2"/>
              </lines>
            </method>
            <method name="(anonymous_2)" hits="11" signature="()V">
              <lines>
                <line number="69" hits="11"/>
              </lines>
            </method>
            <method name="(anonymous_3)" hits="27" signature="()V">
              <lines>
                <line number="94" hits="27"/>
              </lines>
            </method>
            <method name="(anonymous_4)" hits="8" signature="()V">
              <lines>
                <line number="104" hits="8"/>
              </lines>
            </method>
          </methods>
          <lines>
            <line number="1" hits="18" branch="false"/>
            <line number="12" hits="18" branch="false"/>
            <line number="13" hits="18" branch="false"/>
            <line number="14" hits="18" branch="false"/>
            <line number="61" hits="18" branch="false"/>
            <line number="67" hits="18" branch="false"/>
            <line number="68" hits="2" branch="false"/>
            <line number="69" hits="11" branch="false"/>
            <line number="73" hits="18" branch="false"/>
            <line number="79" hits="18" branch="false"/>
            <line number="98" hits="27" branch="true" condition-coverage="100% (2/2)"/>
            <line number="99" hits="27" branch="false"/>
            <line number="100" hits="27" branch="false"/>
            <line number="101" hits="27" branch="false"/>
            <line number="105" hits="8" branch="false"/>
          </lines>
        </class>
      </classes>
    </package>
    <package name="lib.render-strategies.rxjs.operators" line-rate="1" branch-rate="1">
      <classes>
        <class name="coalesceWith.ts" filename="libs/template/src/lib/render-strategies/rxjs/operators/coalesceWith.ts" line-rate="1" branch-rate="1">
          <methods>
            <method name="coalesceWith" hits="104" signature="()V">
              <lines>
                <line number="43" hits="104"/>
              </lines>
            </method>
            <method name="(anonymous_1)" hits="104" signature="()V">
              <lines>
                <line number="48" hits="104"/>
              </lines>
            </method>
            <method name="(anonymous_2)" hits="104" signature="()V">
              <lines>
                <line number="49" hits="104"/>
              </lines>
            </method>
            <method name="createInnerObserver" hits="104" signature="()V">
              <lines>
                <line number="59" hits="104"/>
              </lines>
            </method>
            <method name="(anonymous_4)" hits="105" signature="()V">
              <lines>
                <line number="66" hits="105"/>
              </lines>
            </method>
            <method name="(anonymous_5)" hits="101" signature="()V">
              <lines>
                <line number="73" hits="101"/>
              </lines>
            </method>
            <method name="(anonymous_6)" hits="1" signature="()V">
              <lines>
                <line number="79" hits="1"/>
              </lines>
            </method>
            <method name="(anonymous_7)" hits="212" signature="()V">
              <lines>
                <line number="80" hits="212"/>
              </lines>
            </method>
            <method name="(anonymous_8)" hits="4" signature="()V">
              <lines>
                <line number="85" hits="4"/>
              </lines>
            </method>
            <method name="(anonymous_9)" hits="21" signature="()V">
              <lines>
                <line number="89" hits="21"/>
              </lines>
            </method>
          </methods>
          <lines>
            <line number="1" hits="20" branch="false"/>
            <line number="10" hits="20" branch="false"/>
            <line number="43" hits="20" branch="false"/>
            <line number="47" hits="104" branch="true" condition-coverage="100% (2/2)"/>
            <line number="48" hits="104" branch="false"/>
            <line number="49" hits="104" branch="false"/>
            <line number="50" hits="104" branch="false"/>
            <line number="51" hits="104" branch="false"/>
            <line number="54" hits="104" branch="false"/>
            <line number="57" hits="104" branch="false"/>
            <line number="66" hits="104" branch="false"/>
            <line number="67" hits="105" branch="false"/>
            <line number="68" hits="105" branch="true" condition-coverage="100% (2/2)"/>
            <line number="69" hits="100" branch="false"/>
            <line number="72" hits="104" branch="false"/>
            <line number="74" hits="101" branch="true" condition-coverage="100% (2/2)"/>
            <line number="75" hits="85" branch="false"/>
            <line number="77" hits="101" branch="false"/>
            <line number="79" hits="1" branch="false"/>
            <line number="81" hits="212" branch="false"/>
            <line number="82" hits="212" branch="true" condition-coverage="100% (2/2)"/>
            <line number="83" hits="105" branch="false"/>
            <line number="84" hits="105" branch="false"/>
            <line number="86" hits="4" branch="false"/>
            <line number="87" hits="4" branch="false"/>
            <line number="90" hits="21" branch="true" condition-coverage="100% (2/2)"/>
            <line number="91" hits="16" branch="false"/>
            <line number="92" hits="16" branch="false"/>
            <line number="96" hits="105" branch="false"/>
          </lines>
        </class>
      </classes>
    </package>
    <package name="lib.render-strategies.rxjs.scheduling" line-rate="1" branch-rate="1">
      <classes>
        <class name="animationFrameTick.ts" filename="libs/template/src/lib/render-strategies/rxjs/scheduling/animationFrameTick.ts" line-rate="1" branch-rate="1">
          <methods>
            <method name="(anonymous_0)" hits="22" signature="()V">
              <lines>
                <line number="4" hits="22"/>
              </lines>
            </method>
            <method name="(anonymous_1)" hits="87" signature="()V">
              <lines>
                <line number="5" hits="87"/>
              </lines>
            </method>
            <method name="(anonymous_2)" hits="16" signature="()V">
              <lines>
                <line number="6" hits="16"/>
              </lines>
            </method>
            <method name="(anonymous_3)" hits="78" signature="()V">
              <lines>
                <line number="11" hits="78"/>
              </lines>
            </method>
          </methods>
          <lines>
            <line number="1" hits="22" branch="false"/>
            <line number="2" hits="22" branch="false"/>
            <line number="4" hits="22" branch="false"/>
            <line number="5" hits="22" branch="false"/>
            <line number="6" hits="87" branch="false"/>
            <line number="7" hits="16" branch="false"/>
            <line number="8" hits="16" branch="false"/>
            <line number="11" hits="87" branch="false"/>
            <line number="12" hits="78" branch="false"/>
          </lines>
        </class>
        <class name="interfaces.ts" filename="libs/template/src/lib/render-strategies/rxjs/scheduling/interfaces.ts" line-rate="1" branch-rate="1">
          <methods>
            <method name="(anonymous_0)" hits="22" signature="()V">
              <lines>
                <line number="1" hits="22"/>
              </lines>
            </method>
          </methods>
          <lines>
            <line number="1" hits="22" branch="true" condition-coverage="100% (2/2)"/>
            <line number="2" hits="22" branch="false"/>
            <line number="3" hits="22" branch="false"/>
            <line number="4" hits="22" branch="false"/>
            <line number="5" hits="22" branch="false"/>
            <line number="6" hits="22" branch="false"/>
            <line number="7" hits="22" branch="false"/>
            <line number="8" hits="22" branch="false"/>
          </lines>
        </class>
        <class name="priority-tick-map.ts" filename="libs/template/src/lib/render-strategies/rxjs/scheduling/priority-tick-map.ts" line-rate="1" branch-rate="1">
          <methods>
          </methods>
          <lines>
            <line number="2" hits="22" branch="false"/>
            <line number="3" hits="22" branch="false"/>
            <line number="4" hits="22" branch="false"/>
            <line number="5" hits="22" branch="false"/>
            <line number="6" hits="22" branch="false"/>
            <line number="7" hits="22" branch="false"/>
            <line number="9" hits="22" branch="false"/>
          </lines>
        </class>
        <class name="promiseTick.ts" filename="libs/template/src/lib/render-strategies/rxjs/scheduling/promiseTick.ts" line-rate="1" branch-rate="1">
          <methods>
            <method name="(anonymous_0)" hits="61" signature="()V">
              <lines>
                <line number="6" hits="61"/>
              </lines>
            </method>
            <method name="(anonymous_1)" hits="91" signature="()V">
              <lines>
                <line number="7" hits="91"/>
              </lines>
            </method>
            <method name="(anonymous_2)" hits="90" signature="()V">
              <lines>
                <line number="10" hits="90"/>
              </lines>
            </method>
            <method name="(anonymous_3)" hits="1" signature="()V">
              <lines>
                <line number="16" hits="1"/>
              </lines>
            </method>
            <method name="(anonymous_4)" hits="91" signature="()V">
              <lines>
                <line number="19" hits="91"/>
              </lines>
            </method>
          </methods>
          <lines>
            <line number="1" hits="22" branch="false"/>
            <line number="2" hits="22" branch="false"/>
            <line number="6" hits="22" branch="false"/>
            <line number="7" hits="61" branch="false"/>
            <line number="8" hits="91" branch="false"/>
            <line number="9" hits="91" branch="false"/>
            <line number="11" hits="90" branch="true" condition-coverage="100% (2/2)"/>
            <line number="12" hits="7" branch="false"/>
            <line number="13" hits="7" branch="false"/>
            <line number="17" hits="1" branch="false"/>
            <line number="19" hits="91" branch="false"/>
            <line number="20" hits="91" branch="false"/>
            <line number="21" hits="91" branch="false"/>
          </lines>
        </class>
      </classes>
    </package>
    <package name="lib.render-strategies.static" line-rate="0.9556" branch-rate="0.9231">
      <classes>
        <class name="static-coalesce.ts" filename="libs/template/src/lib/render-strategies/static/static-coalesce.ts" line-rate="1" branch-rate="1">
          <methods>
            <method name="staticCoalesce" hits="54" signature="()V">
              <lines>
                <line number="5" hits="54"/>
              </lines>
            </method>
            <method name="(anonymous_1)" hits="16" signature="()V">
              <lines>
                <line number="15" hits="16"/>
              </lines>
            </method>
            <method name="(anonymous_2)" hits="12" signature="()V">
              <lines>
                <line number="18" hits="12"/>
              </lines>
            </method>
            <method name="tryExecuteWork" hits="16" signature="()V">
              <lines>
                <line number="29" hits="16"/>
              </lines>
            </method>
          </methods>
          <lines>
            <line number="2" hits="21" branch="false"/>
            <line number="5" hits="21" branch="false"/>
            <line number="13" hits="54" branch="true" condition-coverage="100% (2/2)"/>
            <line number="14" hits="18" branch="false"/>
            <line number="15" hits="18" branch="false"/>
            <line number="16" hits="16" branch="false"/>
            <line number="18" hits="18" branch="false"/>
            <line number="19" hits="12" branch="false"/>
            <line number="20" hits="12" branch="false"/>
            <line number="22" hits="18" branch="false"/>
            <line number="25" hits="54" branch="false"/>
            <line number="30" hits="16" branch="false"/>
            <line number="31" hits="16" branch="true" condition-coverage="100% (2/2)"/>
            <line number="32" hits="15" branch="false"/>
            <line number="34" hits="1" branch="false"/>
          </lines>
        </class>
        <class name="static-schedule-and-coalesced.ts" filename="libs/template/src/lib/render-strategies/static/static-schedule-and-coalesced.ts" line-rate="1" branch-rate="1">
          <methods>
            <method name="coalesceAndSchedule" hits="40" signature="()V">
              <lines>
                <line number="7" hits="40"/>
              </lines>
            </method>
            <method name="(anonymous_1)" hits="11" signature="()V">
              <lines>
                <line number="14" hits="11"/>
              </lines>
            </method>
            <method name="(anonymous_2)" hits="14" signature="()V">
              <lines>
                <line number="23" hits="14"/>
              </lines>
            </method>
          </methods>
          <lines>
            <line number="1" hits="21" branch="false"/>
            <line number="2" hits="21" branch="false"/>
            <line number="3" hits="21" branch="false"/>
            <line number="5" hits="21" branch="false"/>
            <line number="7" hits="21" branch="false"/>
            <line number="13" hits="40" branch="false"/>
            <line number="14" hits="40" branch="false"/>
            <line number="16" hits="40" branch="false"/>
            <line number="23" hits="40" branch="false"/>
            <line number="24" hits="14" branch="false"/>
            <line number="25" hits="14" branch="false"/>
            <line number="27" hits="40" branch="false"/>
            <line number="29" hits="40" branch="false"/>
          </lines>
        </class>
        <class name="static-schedule.ts" filename="libs/template/src/lib/render-strategies/static/static-schedule.ts" line-rate="0.8824" branch-rate="0.8">
          <methods>
            <method name="staticSchedule" hits="13" signature="()V">
              <lines>
                <line number="4" hits="13"/>
              </lines>
            </method>
            <method name="(anonymous_1)" hits="10" signature="()V">
              <lines>
                <line number="17" hits="10"/>
              </lines>
            </method>
            <method name="(anonymous_2)" hits="0" signature="()V">
              <lines>
                <line number="18" hits="0"/>
              </lines>
            </method>
            <method name="(anonymous_3)" hits="0" signature="()V">
              <lines>
                <line number="20" hits="0"/>
              </lines>
            </method>
            <method name="(anonymous_4)" hits="11" signature="()V">
              <lines>
                <line number="22" hits="11"/>
              </lines>
            </method>
            <method name="tryExecuteWork" hits="11" signature="()V">
              <lines>
                <line number="31" hits="11"/>
              </lines>
            </method>
          </methods>
          <lines>
            <line number="1" hits="21" branch="false"/>
            <line number="4" hits="21" branch="false"/>
            <line number="10" hits="13" branch="true" condition-coverage="100% (2/2)"/>
            <line number="11" hits="1" branch="false"/>
            <line number="12" hits="1" branch="false"/>
            <line number="16" hits="12" branch="false"/>
            <line number="17" hits="10" branch="false"/>
            <line number="18" hits="0" branch="false"/>
            <line number="20" hits="0" branch="false"/>
            <line number="22" hits="12" branch="false"/>
            <line number="23" hits="11" branch="false"/>
            <line number="24" hits="11" branch="false"/>
            <line number="26" hits="12" branch="false"/>
            <line number="28" hits="12" branch="false"/>
            <line number="32" hits="11" branch="true" condition-coverage="50% (1/2)"/>
            <line number="33" hits="11" branch="false"/>
            <line number="34" hits="11" branch="false"/>
          </lines>
        </class>
      </classes>
    </package>
    <package name="lib.render-strategies.strategies" line-rate="0.9726" branch-rate="1">
      <classes>
        <class name="detach-strategy.ts" filename="libs/template/src/lib/render-strategies/strategies/detach-strategy.ts" line-rate="1" branch-rate="1">
          <methods>
            <method name="getDetachStrategies" hits="90" signature="()V">
              <lines>
                <line number="23" hits="90"/>
              </lines>
            </method>
            <method name="createDetachStrategy" hits="90" signature="()V">
              <lines>
                <line number="51" hits="90"/>
              </lines>
            </method>
            <method name="(anonymous_2)" hits="6" signature="()V">
              <lines>
                <line number="58" hits="6"/>
              </lines>
            </method>
            <method name="(anonymous_3)" hits="9" signature="()V">
              <lines>
                <line number="63" hits="9"/>
              </lines>
            </method>
            <method name="(anonymous_4)" hits="9" signature="()V">
              <lines>
                <line number="66" hits="9"/>
              </lines>
            </method>
            <method name="(anonymous_5)" hits="3" signature="()V">
              <lines>
                <line number="66" hits="3"/>
              </lines>
            </method>
            <method name="(anonymous_6)" hits="13" signature="()V">
              <lines>
                <line number="69" hits="13"/>
              </lines>
            </method>
          </methods>
          <lines>
            <line number="1" hits="19" branch="false"/>
            <line number="2" hits="19" branch="false"/>
            <line number="3" hits="19" branch="false"/>
            <line number="4" hits="19" branch="false"/>
            <line number="9" hits="19" branch="false"/>
            <line number="10" hits="19" branch="false"/>
            <line number="12" hits="19" branch="false"/>
            <line number="23" hits="19" branch="false"/>
            <line number="26" hits="90" branch="false"/>
            <line number="51" hits="19" branch="false"/>
            <line number="54" hits="90" branch="false"/>
            <line number="55" hits="90" branch="false"/>
            <line number="56" hits="90" branch="false"/>
            <line number="58" hits="90" branch="false"/>
            <line number="59" hits="6" branch="false"/>
            <line number="60" hits="6" branch="false"/>
            <line number="61" hits="6" branch="false"/>
            <line number="63" hits="90" branch="false"/>
            <line number="66" hits="9" branch="false"/>
            <line number="69" hits="90" branch="false"/>
            <line number="70" hits="13" branch="false"/>
            <line number="72" hits="90" branch="false"/>
          </lines>
        </class>
        <class name="global.strategy.ts" filename="libs/template/src/lib/render-strategies/strategies/global.strategy.ts" line-rate="0.7778" branch-rate="1">
          <methods>
            <method name="getGlobalStrategies" hits="90" signature="()V">
              <lines>
                <line number="7" hits="90"/>
              </lines>
            </method>
            <method name="createGlobalStrategy" hits="90" signature="()V">
              <lines>
                <line number="33" hits="90"/>
              </lines>
            </method>
            <method name="(anonymous_2)" hits="0" signature="()V">
              <lines>
                <line number="36" hits="0"/>
              </lines>
            </method>
            <method name="(anonymous_3)" hits="2" signature="()V">
              <lines>
                <line number="41" hits="2"/>
              </lines>
            </method>
            <method name="(anonymous_4)" hits="0" signature="()V">
              <lines>
                <line number="42" hits="0"/>
              </lines>
            </method>
          </methods>
          <lines>
            <line number="1" hits="19" branch="false"/>
            <line number="7" hits="19" branch="false"/>
            <line number="10" hits="90" branch="false"/>
            <line number="33" hits="19" branch="false"/>
            <line number="36" hits="90" branch="false"/>
            <line number="38" hits="90" branch="false"/>
            <line number="41" hits="2" branch="false"/>
            <line number="43" hits="0" branch="false"/>
            <line number="44" hits="0" branch="false"/>
          </lines>
        </class>
        <class name="local.strategy.ts" filename="libs/template/src/lib/render-strategies/strategies/local.strategy.ts" line-rate="1" branch-rate="1">
          <methods>
            <method name="getLocalStrategies" hits="90" signature="()V">
              <lines>
                <line number="23" hits="90"/>
              </lines>
            </method>
            <method name="createLocalStrategy" hits="90" signature="()V">
              <lines>
                <line number="63" hits="90"/>
              </lines>
            </method>
            <method name="(anonymous_2)" hits="10" signature="()V">
              <lines>
                <line number="70" hits="10"/>
              </lines>
            </method>
            <method name="(anonymous_3)" hits="72" signature="()V">
              <lines>
                <line number="73" hits="72"/>
              </lines>
            </method>
            <method name="(anonymous_4)" hits="72" signature="()V">
              <lines>
                <line number="76" hits="72"/>
              </lines>
            </method>
            <method name="(anonymous_5)" hits="8" signature="()V">
              <lines>
                <line number="76" hits="8"/>
              </lines>
            </method>
            <method name="(anonymous_6)" hits="13" signature="()V">
              <lines>
                <line number="79" hits="13"/>
              </lines>
            </method>
          </methods>
          <lines>
            <line number="1" hits="19" branch="false"/>
            <line number="2" hits="19" branch="false"/>
            <line number="3" hits="19" branch="false"/>
            <line number="4" hits="19" branch="false"/>
            <line number="9" hits="19" branch="false"/>
            <line number="10" hits="19" branch="false"/>
            <line number="12" hits="19" branch="false"/>
            <line number="23" hits="19" branch="false"/>
            <line number="26" hits="90" branch="false"/>
            <line number="63" hits="19" branch="false"/>
            <line number="66" hits="90" branch="false"/>
            <line number="67" hits="90" branch="false"/>
            <line number="68" hits="90" branch="false"/>
            <line number="70" hits="90" branch="false"/>
            <line number="71" hits="10" branch="false"/>
            <line number="73" hits="90" branch="false"/>
            <line number="74" hits="72" branch="false"/>
            <line number="76" hits="72" branch="false"/>
            <line number="79" hits="90" branch="false"/>
            <line number="80" hits="13" branch="false"/>
            <line number="82" hits="90" branch="false"/>
          </lines>
        </class>
        <class name="native.strategy.ts" filename="libs/template/src/lib/render-strategies/strategies/native.strategy.ts" line-rate="1" branch-rate="1">
          <methods>
            <method name="createNativeStrategy" hits="92" signature="()V">
              <lines>
                <line number="24" hits="92"/>
              </lines>
            </method>
            <method name="(anonymous_1)" hits="1" signature="()V">
              <lines>
                <line number="30" hits="1"/>
              </lines>
            </method>
            <method name="(anonymous_2)" hits="3" signature="()V">
              <lines>
                <line number="31" hits="3"/>
              </lines>
            </method>
            <method name="(anonymous_3)" hits="13" signature="()V">
              <lines>
                <line number="31" hits="13"/>
              </lines>
            </method>
            <method name="(anonymous_4)" hits="13" signature="()V">
              <lines>
                <line number="34" hits="13"/>
              </lines>
            </method>
          </methods>
          <lines>
            <line number="2" hits="19" branch="false"/>
            <line number="24" hits="19" branch="false"/>
            <line number="27" hits="92" branch="false"/>
            <line number="28" hits="92" branch="false"/>
            <line number="30" hits="1" branch="false"/>
            <line number="31" hits="3" branch="false"/>
            <line number="32" hits="13" branch="false"/>
            <line number="35" hits="13" branch="false"/>
            <line number="36" hits="13" branch="false"/>
          </lines>
        </class>
        <class name="noop.strategy.ts" filename="libs/template/src/lib/render-strategies/strategies/noop.strategy.ts" line-rate="1" branch-rate="1">
          <methods>
            <method name="createNoopStrategy" hits="91" signature="()V">
              <lines>
                <line number="23" hits="91"/>
              </lines>
            </method>
            <method name="(anonymous_1)" hits="0" signature="()V">
              <lines>
                <line number="26" hits="0"/>
              </lines>
            </method>
            <method name="(anonymous_2)" hits="3" signature="()V">
              <lines>
                <line number="27" hits="3"/>
              </lines>
            </method>
            <method name="(anonymous_3)" hits="13" signature="()V">
              <lines>
                <line number="28" hits="13"/>
              </lines>
            </method>
          </methods>
          <lines>
            <line number="23" hits="19" branch="false"/>
            <line number="24" hits="91" branch="false"/>
            <line number="27" hits="3" branch="false"/>
            <line number="28" hits="13" branch="false"/>
          </lines>
        </class>
        <class name="strategies-map.ts" filename="libs/template/src/lib/render-strategies/strategies/strategies-map.ts" line-rate="1" branch-rate="1">
          <methods>
            <method name="getStrategies" hits="90" signature="()V">
              <lines>
                <line number="29" hits="90"/>
              </lines>
            </method>
          </methods>
          <lines>
            <line number="5" hits="19" branch="false"/>
            <line number="6" hits="19" branch="false"/>
            <line number="7" hits="19" branch="false"/>
            <line number="8" hits="19" branch="false"/>
            <line number="9" hits="19" branch="false"/>
            <line number="11" hits="19" branch="false"/>
            <line number="29" hits="19" branch="false"/>
            <line number="32" hits="90" branch="false"/>
          </lines>
        </class>
      </classes>
    </package>
  </packages>
</coverage>
